<?xml version="1.0" encoding="UTF-8"?>
<!-- Generated by org.testng.reporters.JUnitXMLReporter -->
<testsuite hostname="PaolaGloria" ignored="1" name="test" tests="2" failures="0" timestamp="02 Mar 2019 04:15:50 GMT" time="26.01" errors="0">
  <testcase name="mytest" time="0.015" classname="com.aws.regression.Test1"/>
  <testcase name="searchTest" time="12.163" classname="com.aws.tests.HomeTest"/>
  <testcase name="dealsTest" time="0.0" classname="com.aws.tests.HomeTest">
    <ignored/>
  </testcase> <!-- dealsTest -->
</testsuite> <!-- test -->
