<?xml version="1.0" encoding="UTF-8"?>
<!-- Generated by org.testng.reporters.JUnitXMLReporter -->
<testsuite hostname="PaolaGloria" ignored="2" name="test" tests="4" failures="0" timestamp="02 Mar 2019 01:03:52 GMT" time="102.909" errors="0">
  <testcase name="dealsTest" time="11.19" classname="com.aws.tests.HomeTest"/>
  <testcase name="searchTest" time="17.2" classname="com.aws.tests.HomeTest"/>
  <testcase name="signIn" time="14.66" classname="com.aws.tests.LoginTests"/>
  <testcase name="test" time="0.0" classname="com.aws.tests.LoginTests"/>
  <testcase name="@BeforeTest setUpTest" time="0.0" classname="com.aws.tests.TestBase">
    <ignored/>
  </testcase> <!-- @BeforeTest setUpTest -->
  <testcase name="@AfterTest tearDownTest" time="0.0" classname="com.aws.tests.TestBase">
    <ignored/>
  </testcase> <!-- @AfterTest tearDownTest -->
</testsuite> <!-- test -->
