<?xml version="1.0" encoding="UTF-8"?>
<testng-results skipped="0" failed="0" ignored="1" total="3" passed="2">
  <reporter-output>
  </reporter-output>
  <suite name="moretest" duration-ms="26010" started-at="2019-03-02T04:15:24Z" finished-at="2019-03-02T04:15:50Z">
    <groups>
      <group name="smoke">
        <method signature="HomeTest.searchTest()[pri:2, instance:com.aws.tests.HomeTest@3cbbc1e0]" name="searchTest" class="com.aws.tests.HomeTest"/>
        <method signature="Test1.mytest()[pri:0, instance:com.aws.regression.Test1@35fb3008]" name="mytest" class="com.aws.regression.Test1"/>
      </group> <!-- smoke -->
    </groups>
    <test name="test" duration-ms="26010" started-at="2019-03-02T04:15:24Z" finished-at="2019-03-02T04:15:50Z">
      <class name="com.aws.tests.HomeTest">
        <test-method status="PASS" signature="setUp()[pri:0, instance:com.aws.tests.HomeTest@3cbbc1e0]" name="setUp" is-config="true" duration-ms="12392" started-at="2019-03-02T04:15:24Z" finished-at="2019-03-02T04:15:36Z">
          <reporter-output>
          </reporter-output>
        </test-method> <!-- setUp -->
        <test-method status="PASS" signature="searchTest()[pri:2, instance:com.aws.tests.HomeTest@3cbbc1e0]" name="searchTest" duration-ms="12163" started-at="2019-03-02T04:15:36Z" description="running search test" finished-at="2019-03-02T04:15:48Z">
          <reporter-output>
          </reporter-output>
        </test-method> <!-- searchTest -->
        <test-method status="PASS" signature="tearDown()[pri:0, instance:com.aws.tests.HomeTest@3cbbc1e0]" name="tearDown" is-config="true" duration-ms="1379" started-at="2019-03-02T04:15:48Z" finished-at="2019-03-02T04:15:50Z">
          <reporter-output>
          </reporter-output>
        </test-method> <!-- tearDown -->
      </class> <!-- com.aws.tests.HomeTest -->
      <class name="com.aws.regression.Test1">
        <test-method status="PASS" signature="mytest()[pri:0, instance:com.aws.regression.Test1@35fb3008]" name="mytest" duration-ms="15" started-at="2019-03-02T04:15:24Z" finished-at="2019-03-02T04:15:24Z">
          <reporter-output>
          </reporter-output>
        </test-method> <!-- mytest -->
      </class> <!-- com.aws.regression.Test1 -->
    </test> <!-- test -->
  </suite> <!-- moretest -->
</testng-results>
