<?xml version="1.0" encoding="UTF-8"?>
<testng-results skipped="0" failed="0" ignored="2" total="6" passed="4">
  <reporter-output>
  </reporter-output>
  <suite name="moretest" duration-ms="54708" started-at="2019-03-02T00:57:21Z" finished-at="2019-03-02T00:58:15Z">
    <groups>
    </groups>
    <test name="test" duration-ms="54708" started-at="2019-03-02T00:57:21Z" finished-at="2019-03-02T00:58:15Z">
      <class name="com.aws.tests.LoginTests">
        <test-method status="PASS" signature="setUp()[pri:0, instance:com.aws.tests.LoginTests@1e88b3c]" name="setUp" is-config="true" duration-ms="7784" started-at="2019-03-02T00:57:54Z" finished-at="2019-03-02T00:58:01Z">
          <reporter-output>
          </reporter-output>
        </test-method> <!-- setUp -->
        <test-method status="PASS" signature="signIn()[pri:0, instance:com.aws.tests.LoginTests@1e88b3c]" name="signIn" duration-ms="5750" started-at="2019-03-02T00:58:01Z" finished-at="2019-03-02T00:58:07Z">
          <reporter-output>
          </reporter-output>
        </test-method> <!-- signIn -->
        <test-method status="PASS" signature="tearDown()[pri:0, instance:com.aws.tests.LoginTests@1e88b3c]" name="tearDown" is-config="true" duration-ms="963" started-at="2019-03-02T00:58:07Z" finished-at="2019-03-02T00:58:08Z">
          <reporter-output>
          </reporter-output>
        </test-method> <!-- tearDown -->
        <test-method status="PASS" signature="setUp()[pri:0, instance:com.aws.tests.LoginTests@1e88b3c]" name="setUp" is-config="true" duration-ms="6333" started-at="2019-03-02T00:58:08Z" finished-at="2019-03-02T00:58:14Z">
          <reporter-output>
          </reporter-output>
        </test-method> <!-- setUp -->
        <test-method status="PASS" signature="test()[pri:0, instance:com.aws.tests.LoginTests@1e88b3c]" name="test" duration-ms="2" started-at="2019-03-02T00:58:14Z" finished-at="2019-03-02T00:58:14Z">
          <reporter-output>
          </reporter-output>
        </test-method> <!-- test -->
        <test-method status="PASS" signature="tearDown()[pri:0, instance:com.aws.tests.LoginTests@1e88b3c]" name="tearDown" is-config="true" duration-ms="924" started-at="2019-03-02T00:58:14Z" finished-at="2019-03-02T00:58:15Z">
          <reporter-output>
          </reporter-output>
        </test-method> <!-- tearDown -->
      </class> <!-- com.aws.tests.LoginTests -->
      <class name="com.aws.tests.HomeTest">
        <test-method status="PASS" signature="setUpTest()[pri:0, instance:com.aws.tests.HomeTest@77caeb3e]" name="setUpTest" is-config="true" duration-ms="21" started-at="2019-03-02T00:57:21Z" finished-at="2019-03-02T00:57:21Z">
          <reporter-output>
          </reporter-output>
        </test-method> <!-- setUpTest -->
        <test-method status="PASS" signature="setUp()[pri:0, instance:com.aws.tests.HomeTest@77caeb3e]" name="setUp" is-config="true" duration-ms="10501" started-at="2019-03-02T00:57:21Z" finished-at="2019-03-02T00:57:31Z">
          <reporter-output>
          </reporter-output>
        </test-method> <!-- setUp -->
        <test-method status="PASS" signature="dealsTest()[pri:0, instance:com.aws.tests.HomeTest@77caeb3e]" name="dealsTest" duration-ms="5258" started-at="2019-03-02T00:57:31Z" finished-at="2019-03-02T00:57:36Z">
          <reporter-output>
          </reporter-output>
        </test-method> <!-- dealsTest -->
        <test-method status="PASS" signature="tearDown()[pri:0, instance:com.aws.tests.HomeTest@77caeb3e]" name="tearDown" is-config="true" duration-ms="926" started-at="2019-03-02T00:57:36Z" finished-at="2019-03-02T00:57:37Z">
          <reporter-output>
          </reporter-output>
        </test-method> <!-- tearDown -->
        <test-method status="PASS" signature="setUp()[pri:0, instance:com.aws.tests.HomeTest@77caeb3e]" name="setUp" is-config="true" duration-ms="8373" started-at="2019-03-02T00:57:37Z" finished-at="2019-03-02T00:57:46Z">
          <reporter-output>
          </reporter-output>
        </test-method> <!-- setUp -->
        <test-method status="PASS" signature="searchTest()[pri:0, instance:com.aws.tests.HomeTest@77caeb3e]" name="searchTest" duration-ms="7010" started-at="2019-03-02T00:57:46Z" finished-at="2019-03-02T00:57:53Z">
          <reporter-output>
          </reporter-output>
        </test-method> <!-- searchTest -->
        <test-method status="PASS" signature="tearDown()[pri:0, instance:com.aws.tests.HomeTest@77caeb3e]" name="tearDown" is-config="true" duration-ms="816" started-at="2019-03-02T00:57:53Z" finished-at="2019-03-02T00:57:54Z">
          <reporter-output>
          </reporter-output>
        </test-method> <!-- tearDown -->
        <test-method status="PASS" signature="tearDownTest()[pri:0, instance:com.aws.tests.HomeTest@77caeb3e]" name="tearDownTest" is-config="true" duration-ms="1" started-at="2019-03-02T00:58:15Z" finished-at="2019-03-02T00:58:15Z">
          <reporter-output>
          </reporter-output>
        </test-method> <!-- tearDownTest -->
      </class> <!-- com.aws.tests.HomeTest -->
    </test> <!-- test -->
  </suite> <!-- moretest -->
</testng-results>
