<?xml version="1.0" encoding="UTF-8"?>
<!-- Generated by org.testng.reporters.JUnitXMLReporter -->
<testsuite hostname="PaolaGloria" ignored="2" name="test" tests="4" failures="0" timestamp="02 Mar 2019 00:58:15 GMT" time="54.708" errors="0">
  <testcase name="dealsTest" time="5.258" classname="com.aws.tests.HomeTest"/>
  <testcase name="searchTest" time="7.01" classname="com.aws.tests.HomeTest"/>
  <testcase name="signIn" time="5.75" classname="com.aws.tests.LoginTests"/>
  <testcase name="test" time="0.002" classname="com.aws.tests.LoginTests"/>
  <testcase name="@BeforeTest setUpTest" time="0.0" classname="com.aws.tests.TestBase">
    <ignored/>
  </testcase> <!-- @BeforeTest setUpTest -->
  <testcase name="@AfterTest tearDownTest" time="0.0" classname="com.aws.tests.TestBase">
    <ignored/>
  </testcase> <!-- @AfterTest tearDownTest -->
</testsuite> <!-- test -->
